<?xml version="1.0" encoding="UTF-8"?>
<!-- Generated by org.testng.reporters.JUnitXMLReporter -->
<testsuite ignored="0" hostname="ahmads-MBP.home" failures="0" tests="6" name="Surefire test" time="18.893" errors="0" timestamp="2021-03-11T04:12:31 EST">
  <testcase classname="StreamsTest" name="ArrayToArrayListAndSort" time="0.038"/>
  <testcase classname="StreamsTest" name="distinctSort" time="0.0"/>
  <testcase classname="StreamsTest" name="interviewQuestion" time="0.036"/>
  <testcase classname="Streams2Test" name="StreamsExample1" time="0.289"/>
  <testcase classname="Streams2Test" name="StreamsExample2" time="0.301"/>
  <testcase classname="Streams2Test" name="StreamsExample3" time="0.915"/>
</testsuite> <!-- Surefire test -->
