<?xml version="1.0" encoding="UTF-8"?>
<testsuite xmlns:xsi="http://www.w3.org/2001/XMLSchema-instance" xsi:noNamespaceSchemaLocation="https://maven.apache.org/surefire/maven-surefire-plugin/xsd/surefire-test-report-3.0.xsd" version="3.0" name="TestSuite" time="19.983" tests="6" errors="0" skipped="0" failures="0">
  <properties>
[...]
</properties>
  <testcase name="ArrayToArrayListAndSort" classname="StreamsTest" time="0.045">
    <system-out><![CDATA[Even Numbers: [2, 4, 6, 8]
Odd Numbers: [1, 3, 5, 7]
]]></system-out>
  </testcase>
  <testcase name="distinctSort" classname="StreamsTest" time="0">
    <system-out><![CDATA[[2, 2, 3, 4, 7, 7, 8]
2
3
4
7
8
]]></system-out>
  </testcase>
  <testcase name="interviewQuestion" classname="StreamsTest" time="0.037">
    <system-out><![CDATA[    input:  [0, 1, 2, 3]   output:  [bang, buzz, fizz, buzz]
]]></system-out>
  </testcase>
  <testcase name="StreamsExample1" classname="Streams2Test" time="0.275">
    <system-err><![CDATA[Starting ChromeDriver 89.0.4389.23 (61b08ee2c50024bab004e48d2b1b083cdbdac579-refs/branch-heads/4389@{#294}) on port 42965
Only local connections are allowed.
Please see https://chromedriver.chromium.org/security-considerations for suggestions on keeping ChromeDriver safe.
ChromeDriver was started successfully.
Mar 11, 2021 4:12:15 AM org.openqa.selenium.remote.ProtocolHandshake createSession
INFO: Detected dialect: W3C
]]></system-err>
  </testcase>
  <testcase name="StreamsExample2" classname="Streams2Test" time="0.29">
    <system-err><![CDATA[Starting ChromeDriver 89.0.4389.23 (61b08ee2c50024bab004e48d2b1b083cdbdac579-refs/branch-heads/4389@{#294}) on port 30063
Only local connections are allowed.
Please see https://chromedriver.chromium.org/security-considerations for suggestions on keeping ChromeDriver safe.
ChromeDriver was started successfully.
Mar 11, 2021 4:12:20 AM org.openqa.selenium.remote.ProtocolHandshake createSession
INFO: Detected dialect: W3C
]]></system-err>
  </testcase>
  <testcase name="StreamsExample3" classname="Streams2Test" time="0.908">
    <system-out><![CDATA[23
]]></system-out>
    <system-err><![CDATA[Starting ChromeDriver 89.0.4389.23 (61b08ee2c50024bab004e48d2b1b083cdbdac579-refs/branch-heads/4389@{#294}) on port 3859
Only local connections are allowed.
Please see https://chromedriver.chromium.org/security-considerations for suggestions on keeping ChromeDriver safe.
ChromeDriver was started successfully.
Mar 11, 2021 4:12:27 AM org.openqa.selenium.remote.ProtocolHandshake createSession
INFO: Detected dialect: W3C
]]></system-err>
  </testcase>
</testsuite>